# JRE version: OpenJDK Runtime Environment (8.0_242-b01) (build 1.8.0_242-release-1644-b01)
# Java VM: OpenJDK 64-Bit Server VM (25.242-b01 mixed mode windows-amd64 compressed oops)
Heap:
 PSYoungGen      total 275456K, used 118407K [0x00000000eab00000, 0x0000000100000000, 0x0000000100000000)
  eden space 215040K, 30% used [0x00000000eab00000,0x00000000eeb50db0,0x00000000f7d00000)
  from space 60416K, 86% used [0x00000000fc480000,0x00000000ff7d0fc8,0x00000000fff80000)
  to   space 67072K, 0% used [0x00000000f7d00000,0x00000000f7d00000,0x00000000fbe80000)
 ParOldGen       total 345088K, used 179290K [0x00000000c0000000, 0x00000000d5100000, 0x00000000eab00000)
  object space 345088K, 51% used [0x00000000c0000000,0x00000000caf16a28,0x00000000d5100000)
 Metaspace       used 117988K, capacity 125200K, committed 125644K, reserved 1159168K
  class space    used 15037K, capacity 16418K, committed 16628K, reserved 1048576K
GC Heap History (10 events):
Event: 1519.597 GC heap before
{Heap before GC invocations=45 (full 5):
 PSYoungGen      total 271360K, used 228618K [0x00000000eab00000, 0x00000000ffc80000, 0x0000000100000000)
  eden space 203264K, 100% used [0x00000000eab00000,0x00000000f7180000,0x00000000f7180000)
  from space 68096K, 37% used [0x00000000f7180000,0x00000000f8a42838,0x00000000fb400000)
  to   space 65024K, 0% used [0x00000000fbd00000,0x00000000fbd00000,0x00000000ffc80000)
 ParOldGen       total 345088K, used 179250K [0x00000000c0000000, 0x00000000d5100000, 0x00000000eab00000)
  object space 345088K, 51% used [0x00000000c0000000,0x00000000caf0ca28,0x00000000d5100000)
 Metaspace       used 117141K, capacity 123936K, committed 124364K, reserved 1157120K
  class space    used 14986K, capacity 16338K, committed 16628K, reserved 1048576K
Event: 1519.625 GC heap after
Heap after GC invocations=45 (full 5):
 PSYoungGen      total 279552K, used 31271K [0x00000000eab00000, 0x00000000ffb00000, 0x0000000100000000)
  eden space 216064K, 0% used [0x00000000eab00000,0x00000000eab00000,0x00000000f7e00000)
  from space 63488K, 49% used [0x00000000fbd00000,0x00000000fdb89c48,0x00000000ffb00000)
  to   space 64000K, 0% used [0x00000000f7e00000,0x00000000f7e00000,0x00000000fbc80000)
 ParOldGen       total 345088K, used 179258K [0x00000000c0000000, 0x00000000d5100000, 0x00000000eab00000)
  object space 345088K, 51% used [0x00000000c0000000,0x00000000caf0ea28,0x00000000d5100000)
 Metaspace       used 117141K, capacity 123936K, committed 124364K, reserved 1157120K
  class space    used 14986K, capacity 16338K, committed 16628K, reserved 1048576K
}
Event: 1645.481 GC heap before
{Heap before GC invocations=46 (full 5):
 PSYoungGen      total 279552K, used 247335K [0x00000000eab00000, 0x00000000ffb00000, 0x0000000100000000)
  eden space 216064K, 100% used [0x00000000eab00000,0x00000000f7e00000,0x00000000f7e00000)
  from space 63488K, 49% used [0x00000000fbd00000,0x00000000fdb89c48,0x00000000ffb00000)
  to   space 64000K, 0% used [0x00000000f7e00000,0x00000000f7e00000,0x00000000fbc80000)
 ParOldGen       total 345088K, used 179258K [0x00000000c0000000, 0x00000000d5100000, 0x00000000eab00000)
  object space 345088K, 51% used [0x00000000c0000000,0x00000000caf0ea28,0x00000000d5100000)
 Metaspace       used 117303K, capacity 124134K, committed 124620K, reserved 1157120K
  class space    used 14994K, capacity 16349K, committed 16628K, reserved 1048576K
Event: 1645.507 GC heap after
Heap after GC invocations=46 (full 5):
 PSYoungGen      total 280064K, used 22100K [0x00000000eab00000, 0x00000000ff880000, 0x0000000100000000)
  eden space 216064K, 0% used [0x00000000eab00000,0x00000000eab00000,0x00000000f7e00000)
  from space 64000K, 34% used [0x00000000f7e00000,0x00000000f9395210,0x00000000fbc80000)
  to   space 59904K, 0% used [0x00000000fbe00000,0x00000000fbe00000,0x00000000ff880000)
 ParOldGen       total 345088K, used 179266K [0x00000000c0000000, 0x00000000d5100000, 0x00000000eab00000)
  object space 345088K, 51% used [0x00000000c0000000,0x00000000caf10a28,0x00000000d5100000)
 Metaspace       used 117303K, capacity 124134K, committed 124620K, reserved 1157120K
  class space    used 14994K, capacity 16349K, committed 16628K, reserved 1048576K
}
Event: 1647.074 GC heap before
{Heap before GC invocations=47 (full 5):
 PSYoungGen      total 280064K, used 238164K [0x00000000eab00000, 0x00000000ff880000, 0x0000000100000000)
  eden space 216064K, 100% used [0x00000000eab00000,0x00000000f7e00000,0x00000000f7e00000)
  from space 64000K, 34% used [0x00000000f7e00000,0x00000000f9395210,0x00000000fbc80000)
  to   space 59904K, 0% used [0x00000000fbe00000,0x00000000fbe00000,0x00000000ff880000)
 ParOldGen       total 345088K, used 179266K [0x00000000c0000000, 0x00000000d5100000, 0x00000000eab00000)
  object space 345088K, 51% used [0x00000000c0000000,0x00000000caf10a28,0x00000000d5100000)
 Metaspace       used 117556K, capacity 124586K, committed 125132K, reserved 1157120K
  class space    used 15006K, capacity 16369K, committed 16628K, reserved 1048576K
Event: 1647.103 GC heap after
Heap after GC invocations=47 (full 5):
 PSYoungGen      total 280064K, used 37067K [0x00000000eab00000, 0x00000000fff00000, 0x0000000100000000)
  eden space 220160K, 0% used [0x00000000eab00000,0x00000000eab00000,0x00000000f8200000)
  from space 59904K, 61% used [0x00000000fbe00000,0x00000000fe232ff8,0x00000000ff880000)
  to   space 61440K, 0% used [0x00000000f8200000,0x00000000f8200000,0x00000000fbe00000)
 ParOldGen       total 345088K, used 179274K [0x00000000c0000000, 0x00000000d5100000, 0x00000000eab00000)
  object space 345088K, 51% used [0x00000000c0000000,0x00000000caf12a28,0x00000000d5100000)
 Metaspace       used 117556K, capacity 124586K, committed 125132K, reserved 1157120K
  class space    used 15006K, capacity 16369K, committed 16628K, reserved 1048576K
}
Event: 1674.390 GC heap before
{Heap before GC invocations=48 (full 5):
 PSYoungGen      total 280064K, used 257227K [0x00000000eab00000, 0x00000000fff00000, 0x0000000100000000)
  eden space 220160K, 100% used [0x00000000eab00000,0x00000000f8200000,0x00000000f8200000)
  from space 59904K, 61% used [0x00000000fbe00000,0x00000000fe232ff8,0x00000000ff880000)
  to   space 61440K, 0% used [0x00000000f8200000,0x00000000f8200000,0x00000000fbe00000)
 ParOldGen       total 345088K, used 179274K [0x00000000c0000000, 0x00000000d5100000, 0x00000000eab00000)
  object space 345088K, 51% used [0x00000000c0000000,0x00000000caf12a28,0x00000000d5100000)
 Metaspace       used 117764K, capacity 124888K, committed 125132K, reserved 1157120K
  class space    used 15026K, capacity 16400K, committed 16628K, reserved 1048576K
Event: 1674.408 GC heap after
Heap after GC invocations=48 (full 5):
 PSYoungGen      total 281600K, used 30843K [0x00000000eab00000, 0x00000000fff80000, 0x0000000100000000)
  eden space 220160K, 0% used [0x00000000eab00000,0x00000000eab00000,0x00000000f8200000)
  from space 61440K, 50% used [0x00000000f8200000,0x00000000fa01ed08,0x00000000fbe00000)
  to   space 60416K, 0% used [0x00000000fc480000,0x00000000fc480000,0x00000000fff80000)
 ParOldGen       total 345088K, used 179282K [0x00000000c0000000, 0x00000000d5100000, 0x00000000eab00000)
  object space 345088K, 51% used [0x00000000c0000000,0x00000000caf14a28,0x00000000d5100000)
 Metaspace       used 117764K, capacity 124888K, committed 125132K, reserved 1157120K
  class space    used 15026K, capacity 16400K, committed 16628K, reserved 1048576K
}
Event: 2207.137 GC heap before
{Heap before GC invocations=49 (full 5):
 PSYoungGen      total 281600K, used 251003K [0x00000000eab00000, 0x00000000fff80000, 0x0000000100000000)
  eden space 220160K, 100% used [0x00000000eab00000,0x00000000f8200000,0x00000000f8200000)
  from space 61440K, 50% used [0x00000000f8200000,0x00000000fa01ed08,0x00000000fbe00000)
  to   space 60416K, 0% used [0x00000000fc480000,0x00000000fc480000,0x00000000fff80000)
 ParOldGen       total 345088K, used 179282K [0x00000000c0000000, 0x00000000d5100000, 0x00000000eab00000)
  object space 345088K, 51% used [0x00000000c0000000,0x00000000caf14a28,0x00000000d5100000)
 Metaspace       used 117921K, capacity 125100K, committed 125388K, reserved 1159168K
  class space    used 15034K, capacity 16412K, committed 16628K, reserved 1048576K
Event: 2207.283 GC heap after
Heap after GC invocations=49 (full 5):
 PSYoungGen      total 275456K, used 52547K [0x00000000eab00000, 0x0000000100000000, 0x0000000100000000)
  eden space 215040K, 0% used [0x00000000eab00000,0x00000000eab00000,0x00000000f7d00000)
  from space 60416K, 86% used [0x00000000fc480000,0x00000000ff7d0fc8,0x00000000fff80000)
  to   space 67072K, 0% used [0x00000000f7d00000,0x00000000f7d00000,0x00000000fbe80000)
 ParOldGen       total 345088K, used 179290K [0x00000000c0000000, 0x00000000d5100000, 0x00000000eab00000)
  object space 345088K, 51% used [0x00000000c0000000,0x00000000caf16a28,0x00000000d5100000)
 Metaspace       used 117921K, capacity 125100K, committed 125388K, reserved 1159168K
  class space    used 15034K, capacity 16412K, committed 16628K, reserved 1048576K
}

